0 info it worked if it ends with ok
1 verbose cli [ '/usr/bin/nodejs', '/usr/bin/npm', 'run', 'dev' ]
2 info using npm@3.5.2
3 info using node@v4.7.2
4 verbose run-script [ 'predev', 'dev', 'postdev' ]
5 info lifecycle client@1.0.0~predev: client@1.0.0
6 silly lifecycle client@1.0.0~predev: no script for predev, continuing
7 info lifecycle client@1.0.0~dev: client@1.0.0
8 verbose lifecycle client@1.0.0~dev: unsafe-perm in lifecycle true
9 verbose lifecycle client@1.0.0~dev: PATH: /usr/share/npm/bin/node-gyp-bin:/home/pcdummy/Projekte/lxdweb/static/node_modules/.bin:/usr/bin:/home/pcdummy/.pyenv/libexec:/home/pcdummy/.pyenv/plugins/python-build/bin:/home/pcdummy/.pyenv/plugins/pyenv-virtualenv/bin:/home/pcdummy/bin:/home/pcdummy/.pyenv/plugins/pyenv-virtualenv/shims:/home/pcdummy/.pyenv/shims:/home/pcdummy/.pyenv/bin:/home/pcdummy/.gvm/pkgsets/go1.8.3/global/bin:/home/pcdummy/.gvm/gos/go1.8.3/bin:/home/pcdummy/.gvm/pkgsets/go1.8.3/global/overlay/bin:/home/pcdummy/.gvm/bin:/home/pcdummy/.gvm/bin:/usr/lib/git-core:/usr/local/sbin:/usr/local/bin:/usr/sbin:/usr/bin:/sbin:/bin:/usr/games:/usr/local/games:/snap/bin
10 verbose lifecycle client@1.0.0~dev: CWD: /home/pcdummy/Projekte/lxdweb/static
11 silly lifecycle client@1.0.0~dev: Args: [ '-c', 'webpack --config webpack.config.dev.js' ]
12 info lifecycle client@1.0.0~dev: Failed to exec dev script
13 verbose stack Error: client@1.0.0 dev: `webpack --config webpack.config.dev.js`
13 verbose stack spawn ENOENT
13 verbose stack     at ChildProcess.<anonymous> (/usr/share/npm/lib/utils/spawn.js:17:16)
13 verbose stack     at emitTwo (events.js:87:13)
13 verbose stack     at ChildProcess.emit (events.js:172:7)
13 verbose stack     at maybeClose (internal/child_process.js:854:16)
13 verbose stack     at Process.ChildProcess._handle.onexit (internal/child_process.js:222:5)
14 verbose pkgid client@1.0.0
15 verbose cwd /home/pcdummy/Projekte/lxdweb/static
16 error Linux 4.10.0-24-lowlatency
17 error argv "/usr/bin/nodejs" "/usr/bin/npm" "run" "dev"
18 error node v4.7.2
19 error npm  v3.5.2
20 error file sh
21 error code ELIFECYCLE
22 error errno ENOENT
23 error syscall spawn
24 error client@1.0.0 dev: `webpack --config webpack.config.dev.js`
24 error spawn ENOENT
25 error Failed at the client@1.0.0 dev script 'webpack --config webpack.config.dev.js'.
25 error Make sure you have the latest version of node.js and npm installed.
25 error If you do, this is most likely a problem with the client package,
25 error not with npm itself.
25 error Tell the author that this fails on your system:
25 error     webpack --config webpack.config.dev.js
25 error You can get information on how to open an issue for this project with:
25 error     npm bugs client
25 error Or if that isn't available, you can get their info via:
25 error     npm owner ls client
25 error There is likely additional logging output above.
26 verbose exit [ 1, true ]
